Arguments: 
  /home/jcabrera/.nvm/versions/node/v12.16.1/bin/node /home/jcabrera/.nvm/versions/node/v12.16.1/bin/yarn add @babel/polyfill bycrypt cors express lodash morgan pg pg-hstore sequelize

PATH: 
  /home/jcabrera/.nvm/versions/node/v12.16.1/bin:/usr/local/bin:/usr/bin:/bin:/usr/local/games:/usr/games

Yarn version: 
  1.22.4

Node version: 
  12.16.1

Platform: 
  linux x64

Trace: 
  Error: https://registry.yarnpkg.com/bycrypt: Not found
      at Request.params.callback [as _callback] (/home/jcabrera/.nvm/versions/node/v12.16.1/lib/node_modules/yarn/lib/cli.js:66987:18)
      at Request.self.callback (/home/jcabrera/.nvm/versions/node/v12.16.1/lib/node_modules/yarn/lib/cli.js:140748:22)
      at Request.emit (events.js:311:20)
      at Request.<anonymous> (/home/jcabrera/.nvm/versions/node/v12.16.1/lib/node_modules/yarn/lib/cli.js:141720:10)
      at Request.emit (events.js:311:20)
      at IncomingMessage.<anonymous> (/home/jcabrera/.nvm/versions/node/v12.16.1/lib/node_modules/yarn/lib/cli.js:141642:12)
      at Object.onceWrapper (events.js:417:28)
      at IncomingMessage.emit (events.js:323:22)
      at endReadableNT (_stream_readable.js:1204:12)
      at processTicksAndRejections (internal/process/task_queues.js:84:21)

npm manifest: 
  {
    "name": "api-money-converter",
    "version": "1.0.0",
    "description": "api para poder convertir varios tipos de monedas en otros",
    "main": "index.js",
    "scripts": {
      "test": "echo \"Error: no test specified\" && exit 1"
    },
    "author": "Jesus Cabrera",
    "license": "ISC"
  }

yarn manifest: 
  No manifest

Lockfile: 
  No lockfile
